[2021/04/28 19:50:04] MSG - wxcd0eda4fdbe728fb - Get New AccessToken Success.
[2021/04/28 19:50:04] ERR - wxcd0eda4fdbe728fb - Run getUserInfo Faild. invalid openid hint: [YjNB.nyWf-24wtQA] rid: 60894bec-7a0b2c39-3fedfa33[40003]
[2021/04/28 19:59:27] ERR - wxcd0eda4fdbe728fb - Run createMenu Faild. invalid weapp appid rid: 60894e1f-180c05aa-78f42a32[40166]
[2021/04/28 19:59:32] ERR - wxcd0eda4fdbe728fb - Run createMenu Faild. invalid weapp appid rid: 60894e23-1f4bfd8e-31fd5367[40166]
[2021/04/28 20:02:11] ERR - wxcd0eda4fdbe728fb - Run createMenu Faild. invalid weapp appid rid: 60894ec3-34e6970a-2823697c[40166]
[2021/04/28 20:03:53] ERR - wxcd0eda4fdbe728fb - Run createMenu Faild. invalid weapp appid rid: 60894f29-108867d6-0239e521[40166]
[2021/04/28 20:03:59] ERR - wxcd0eda4fdbe728fb - Run createMenu Faild. invalid weapp appid rid: 60894f2e-042dc1b9-7f1dcf92[40166]
[2021/04/28 20:04:35] ERR - wxcd0eda4fdbe728fb - Run createMenu Faild. invalid weapp appid rid: 60894f53-5605f671-0744ecea[40166]
[2021/04/28 20:05:49] ERR - wxcd0eda4fdbe728fb - Run createMenu Faild. invalid weapp appid rid: 60894f9d-27b4220c-49be3da4[40166]
[2021/04/28 20:06:15] ERR - wxcd0eda4fdbe728fb - Run createMenu Faild. invalid weapp appid rid: 60894fb7-5d3da081-0721fd9b[40166]
[2021/04/28 20:08:08] ERR - wxcd0eda4fdbe728fb - Run createMenu Faild. invalid weapp appid rid: 60895028-6ba092b1-77475bf4[40166]
[2021/04/28 20:08:36] ERR - wxcd0eda4fdbe728fb - Run createMenu Faild. invalid weapp appid rid: 60895043-6e759607-7c43d438[40166]
[2021/04/28 20:08:41] ERR - wxcd0eda4fdbe728fb - Run createMenu Faild. invalid weapp appid rid: 60895049-5c6fcd9b-43993601[40166]
[2021/04/28 20:08:55] ERR - wxcd0eda4fdbe728fb - Run createMenu Faild. invalid weapp appid rid: 60895056-40a26cf7-53639131[40166]
[2021/04/28 20:09:13] ERR - wxcd0eda4fdbe728fb - Run createMenu Faild. invalid weapp appid rid: 60895069-0cd5bb75-33c18df1[40166]
[2021/04/28 20:11:51] ERR - wxcd0eda4fdbe728fb - Run createMenu Faild. invalid weapp appid rid: 60895106-5a47363a-36b0e86e[40166]
[2021/04/28 20:14:44] ERR - wxcd0eda4fdbe728fb - Run getBacklist Faild. data format error hint: [GJNB1iore-eFbTda] rid: 608951b4-21aef1d8-02bfb3f0[47001]
[2021/04/28 20:15:01] ERR - wxcd0eda4fdbe728fb - Run createMenu Faild. invalid weapp appid rid: 608951c4-58347c9d-4856cf32[40166]
[2021/04/28 20:16:12] ERR - wxcd0eda4fdbe728fb - Run createMenu Faild. invalid weapp appid rid: 6089520c-061e6838-474e3a01[40166]
[2021/04/28 20:19:51] ERR - wxcd0eda4fdbe728fb - Run createMenu Faild. invalid weapp appid rid: 608952e6-59cda532-41b52aa3[40166]
[2021/04/28 20:20:18] ERR - wxcd0eda4fdbe728fb - Run createMenu Faild. invalid weapp appid rid: 60895301-3adbdb7a-27af1610[40166]
[2021/04/28 20:20:28] ERR - wxcd0eda4fdbe728fb - Run createMenu Faild. invalid weapp appid rid: 6089530c-24c6d8b3-71813ce4[40166]
[2021/04/28 20:21:08] ERR - wxcd0eda4fdbe728fb - Run createMenu Faild. invalid weapp appid rid: 60895334-0dce53cb-05302995[40166]
[2021/04/28 20:26:15] ERR - wxcd0eda4fdbe728fb - Run createMenu Faild. invalid weapp appid rid: 60895466-7ff63728-08daa114[40166]
[2021/04/28 20:29:51] ERR - wxcd0eda4fdbe728fb - Run createMenu Faild. invalid weapp appid rid: 6089553f-49a771ff-16480bca[40166]
[2021/04/28 20:30:05] ERR - wxcd0eda4fdbe728fb - Run createMenu Faild. invalid weapp appid rid: 6089554d-04cf62e4-7e3beb35[40166]
[2021/04/28 20:30:21] ERR - wxcd0eda4fdbe728fb - Run createMenu Faild. no permission to use weapp in menu rid: 6089555d-6bb73830-2f2cc5ce[45064]
[2021/04/28 20:30:25] ERR - wxcd0eda4fdbe728fb - Run createMenu Faild. no permission to use weapp in menu rid: 60895561-0d58fe63-15563b9d[45064]
[2021/04/28 20:30:30] ERR - wxcd0eda4fdbe728fb - Run createMenu Faild. no permission to use weapp in menu rid: 60895566-5f8217b9-5304b259[45064]
[2021/04/28 20:30:34] ERR - wxcd0eda4fdbe728fb - Run createMenu Faild. no permission to use weapp in menu rid: 6089556a-36fb255f-0142c1b8[45064]
[2021/04/28 20:53:33] ERR - wxcd0eda4fdbe728fb - Run getBacklist Faild. data format error hint: [0JNBP.ore-VO3Fda] rid: 60895acd-6482d1ed-1b10a4ae[47001]
