---------------------------------------------------------------
[ 2021-05-03T12:24:01+08:00 ] 47.101.195.198 GET wx.zhinengyingjian.work/
[运行时间：0.004895s] [吞吐率：204.29req/s] [内存消耗：222.20kb] [文件加载：44]
[ info ] [ LANG ] /www/admin/wx.zhinengyingjian.work_80/wwwroot/thinkphp/lang/zh-cn.php
[ info ] [ ROUTE ] array (
  'type' => 'module',
  'module' => 
  array (
    0 => '',
    1 => NULL,
    2 => NULL,
  ),
)
[ info ] [ HEADER ] array (
  'accept-encoding' => 'gzip',
  'connection' => 'Keep-Alive',
  'host' => 'wx.zhinengyingjian.work',
  'user-agent' => 'Mozilla/5.0 (X11; Ubuntu; Linux x86_64; rv:36.0) Gecko/20100101 Firefox/36.0',
)
[ info ] [ PARAM ] array (
)
[ info ] [ BEHAVIOR ] Run hook\AccessAuth @action_begin [ RunTime:0.000125s ]
[ info ] [ RUN ] app\index\controller\Index->index[ /www/admin/wx.zhinengyingjian.work_80/wwwroot/application/index/controller/Index.php ]
[ info ] [ LOG ] INIT File
---------------------------------------------------------------
[ 2021-05-03T12:24:01+08:00 ] 47.101.195.198 GET wx.zhinengyingjian.work/admin.html
[运行时间：0.004268s] [吞吐率：234.31req/s] [内存消耗：226.02kb] [文件加载：46]
[ info ] [ LANG ] /www/admin/wx.zhinengyingjian.work_80/wwwroot/thinkphp/lang/zh-cn.php
[ info ] [ ROUTE ] array (
  'type' => 'module',
  'module' => 
  array (
    0 => 'admin',
    1 => NULL,
    2 => NULL,
  ),
)
[ info ] [ HEADER ] array (
  'accept-encoding' => 'gzip',
  'connection' => 'Keep-Alive',
  'host' => 'wx.zhinengyingjian.work',
  'user-agent' => 'Mozilla/5.0 (X11; Ubuntu; Linux x86_64; rv:36.0) Gecko/20100101 Firefox/36.0',
)
[ info ] [ PARAM ] array (
)
[ info ] [ SESSION ] INIT array (
  'id' => '',
  'var_session_id' => '',
  'prefix' => 'think',
  'type' => '',
  'auto_start' => true,
)
[ info ] [ LOG ] INIT File
---------------------------------------------------------------
[ 2021-05-03T12:24:01+08:00 ] 47.101.195.198 GET wx.zhinengyingjian.work/admin/login.html
[运行时间：0.007709s] [吞吐率：129.72req/s] [内存消耗：403.27kb] [文件加载：52]
[ info ] [ LANG ] /www/admin/wx.zhinengyingjian.work_80/wwwroot/thinkphp/lang/zh-cn.php
[ info ] [ ROUTE ] array (
  'type' => 'module',
  'module' => 
  array (
    0 => 'admin',
    1 => 'login',
    2 => NULL,
  ),
)
[ info ] [ HEADER ] array (
  'accept-encoding' => 'gzip',
  'connection' => 'Keep-Alive',
  'host' => 'wx.zhinengyingjian.work',
  'user-agent' => 'Mozilla/5.0 (X11; Ubuntu; Linux x86_64; rv:36.0) Gecko/20100101 Firefox/36.0',
)
[ info ] [ PARAM ] array (
)
[ info ] [ SESSION ] INIT array (
  'id' => '',
  'var_session_id' => '',
  'prefix' => 'think',
  'type' => '',
  'auto_start' => true,
)
[ info ] [ BEHAVIOR ] Run hook\AccessAuth @action_begin [ RunTime:0.000100s ]
[ info ] [ RUN ] app\admin\controller\Login->index[ /www/admin/wx.zhinengyingjian.work_80/wwwroot/application/admin/controller/Login.php ]
[ info ] [ VIEW ] /www/admin/wx.zhinengyingjian.work_80/wwwroot/application/admin/view/login.index.html [ array (
  0 => 'classuri',
  1 => 'title',
) ]
[ info ] [ DB ] INIT mysql
[ info ] [ BEHAVIOR ] Run hook\FilterView @view_filter [ RunTime:0.000158s ]
[ info ] [ LOG ] INIT File
